AH00558: apache2: Could not reliably determine the server's fully qualified domain name, using 172.20.0.4. Set the 'ServerName' directive globally to suppress this message
[Sun Oct 27 10:47:27.523745 2019] [mpm_prefork:notice] [pid 1] AH00163: Apache/2.4.25 (Debian) PHP/7.3.11 configured -- resuming normal operations
[Sun Oct 27 10:47:27.523816 2019] [core:notice] [pid 1] AH00094: Command line: 'apache2 -D FOREGROUND'
[Sun Oct 27 11:50:16.508252 2019] [autoindex:error] [pid 18] [client 172.20.0.1:56284] AH01276: Cannot serve directory /var/www/html/test/: No matching DirectoryIndex (index.php,index.html) found, and server-generated directory index forbidden by Options directive
[Sun Oct 27 11:52:24.801644 2019] [autoindex:error] [pid 19] [client 172.20.0.1:56288] AH01276: Cannot serve directory /var/www/html/test/pdo/: No matching DirectoryIndex (index.php,index.html) found, and server-generated directory index forbidden by Options directive
[Sun Oct 27 12:09:26.182157 2019] [mpm_prefork:notice] [pid 1] AH00170: caught SIGWINCH, shutting down gracefully
AH00558: apache2: Could not reliably determine the server's fully qualified domain name, using 172.20.0.4. Set the 'ServerName' directive globally to suppress this message
[Sun Oct 27 12:10:08.268655 2019] [mpm_prefork:notice] [pid 1] AH00163: Apache/2.4.25 (Debian) PHP/7.3.11 configured -- resuming normal operations
[Sun Oct 27 12:10:08.269379 2019] [core:notice] [pid 1] AH00094: Command line: 'apache2 -D FOREGROUND'
[Sun Oct 27 12:11:59.591561 2019] [mpm_prefork:notice] [pid 1] AH00170: caught SIGWINCH, shutting down gracefully
AH00558: apache2: Could not reliably determine the server's fully qualified domain name, using 172.20.0.3. Set the 'ServerName' directive globally to suppress this message
[Sun Oct 27 12:14:24.382064 2019] [mpm_prefork:notice] [pid 1] AH00163: Apache/2.4.25 (Debian) PHP/7.3.11 configured -- resuming normal operations
[Sun Oct 27 12:14:24.382764 2019] [core:notice] [pid 1] AH00094: Command line: 'apache2 -D FOREGROUND'
[Sun Oct 27 12:24:39.351468 2019] [mpm_prefork:notice] [pid 1] AH00170: caught SIGWINCH, shutting down gracefully
AH00558: apache2: Could not reliably determine the server's fully qualified domain name, using 172.20.0.3. Set the 'ServerName' directive globally to suppress this message
[Sun Oct 27 12:25:20.664467 2019] [mpm_prefork:notice] [pid 1] AH00163: Apache/2.4.25 (Debian) PHP/7.3.11 configured -- resuming normal operations
[Sun Oct 27 12:25:20.668432 2019] [core:notice] [pid 1] AH00094: Command line: 'apache2 -D FOREGROUND'
[Sun Oct 27 15:13:06.668564 2019] [mpm_prefork:notice] [pid 1] AH00170: caught SIGWINCH, shutting down gracefully
AH00558: apache2: Could not reliably determine the server's fully qualified domain name, using 172.20.0.4. Set the 'ServerName' directive globally to suppress this message
[Sun Oct 27 15:29:57.965800 2019] [mpm_prefork:notice] [pid 1] AH00163: Apache/2.4.25 (Debian) PHP/7.3.11 configured -- resuming normal operations
[Sun Oct 27 15:29:57.966588 2019] [core:notice] [pid 1] AH00094: Command line: 'apache2 -D FOREGROUND'
[Sun Oct 27 15:34:54.480239 2019] [mpm_prefork:notice] [pid 1] AH00170: caught SIGWINCH, shutting down gracefully
AH00558: apache2: Could not reliably determine the server's fully qualified domain name, using 172.20.0.4. Set the 'ServerName' directive globally to suppress this message
[Sun Oct 27 15:47:31.242694 2019] [mpm_prefork:notice] [pid 1] AH00163: Apache/2.4.25 (Debian) PHP/7.3.11 configured -- resuming normal operations
[Sun Oct 27 15:47:31.244655 2019] [core:notice] [pid 1] AH00094: Command line: 'apache2 -D FOREGROUND'
[Sun Oct 27 15:53:31.874086 2019] [mpm_prefork:notice] [pid 1] AH00170: caught SIGWINCH, shutting down gracefully
